<?xml version="1.0" encoding="UTF-8"?>
<!-- Generated by org.testng.reporters.JUnitXMLReporter -->
<testsuite ignored="2" hostname="Muhammed-MacBook-Pro.local" failures="1" tests="7" name="Command line test" time="4.764" errors="0" timestamp="2021-02-11T17:42:12 CET">
  <testcase classname="com.AltenPolska.utilities.TestBase" name="@AfterMethod afterMethod" time="0.003">
    <failure type="java.lang.NullPointerException">
      <![CDATA[java.lang.NullPointerException
at com.AltenPolska.utilities.TestBase.afterMethod(TestBase.java:77)
at java.base/java.util.ArrayList.forEach(ArrayList.java:1540)
... Removed 42 stack frames]]>
    </failure>
  </testcase> <!-- @AfterMethod afterMethod -->
  <testcase classname="com.AltenPolska.utilities.TestBase" name="@BeforeMethod setUpMethod" time="-1.613061732273E9">
    <skipped/>
  </testcase> <!-- @BeforeMethod setUpMethod -->
  <testcase classname="com.AltenPolska.utilities.TestBase" name="@AfterMethod afterMethod" time="-1.613061732273E9">
    <skipped/>
  </testcase> <!-- @AfterMethod afterMethod -->
  <testcase classname="com.AltenPolska.utilities.TestBase" name="@BeforeMethod setUpMethod" time="-1.613061732274E9">
    <skipped/>
  </testcase> <!-- @BeforeMethod setUpMethod -->
  <testcase classname="com.AltenPolska.utilities.TestBase" name="@AfterMethod afterMethod" time="-1.613061732274E9">
    <skipped/>
  </testcase> <!-- @AfterMethod afterMethod -->
  <testcase classname="com.AltenPolska.utilities.TestBase" name="@BeforeMethod setUpMethod" time="-1.613061732275E9">
    <skipped/>
  </testcase> <!-- @BeforeMethod setUpMethod -->
  <testcase classname="com.AltenPolska.utilities.TestBase" name="@AfterMethod afterMethod" time="-1.613061732275E9">
    <skipped/>
  </testcase> <!-- @AfterMethod afterMethod -->
  <testcase classname="com.AltenPolska.utilities.TestBase" name="@BeforeMethod setUpMethod" time="-1.613061732276E9">
    <skipped/>
  </testcase> <!-- @BeforeMethod setUpMethod -->
  <testcase classname="com.AltenPolska.utilities.TestBase" name="@AfterMethod afterMethod" time="-1.613061732276E9">
    <skipped/>
  </testcase> <!-- @AfterMethod afterMethod -->
  <testcase classname="com.AltenPolska.utilities.TestBase" name="@BeforeMethod setUpMethod" time="-1.613061732276E9">
    <skipped/>
  </testcase> <!-- @BeforeMethod setUpMethod -->
  <testcase classname="com.AltenPolska.utilities.TestBase" name="@AfterMethod afterMethod" time="-1.613061732277E9">
    <skipped/>
  </testcase> <!-- @AfterMethod afterMethod -->
  <testcase classname="com.AltenPolska.tests.testing.Test_1" name="test_1" time="0.1"/>
  <testcase classname="com.AltenPolska.tests.testing.Test_1" name="test_2" time="0.014">
    <failure type="org.openqa.selenium.NoSuchSessionException" message="Session ID is null. Using WebDriver after calling quit()?
Build info: version: &amp;apos;3.141.59&amp;apos;, revision: &amp;apos;e82be7d358&amp;apos;, time: &amp;apos;2018-11-14T08:17:03&amp;apos;
System info: host: &amp;apos;Muhammed-MacBook-Pro.local&amp;apos;, ip: &amp;apos;2a02:a312:c740:2680:594f:4a00:3cf9:93d9%en0&amp;apos;, os.name: &amp;apos;Mac OS X&amp;apos;, os.arch: &amp;apos;x86_64&amp;apos;, os.version: &amp;apos;10.16&amp;apos;, java.version: &amp;apos;12.0.1&amp;apos;
Driver info: driver.version: RemoteWebDriver">
      <![CDATA[org.openqa.selenium.NoSuchSessionException: Session ID is null. Using WebDriver after calling quit()?
Build info: version: '3.141.59', revision: 'e82be7d358', time: '2018-11-14T08:17:03'
System info: host: 'Muhammed-MacBook-Pro.local', ip: '2a02:a312:c740:2680:594f:4a00:3cf9:93d9%en0', os.name: 'Mac OS X', os.arch: 'x86_64', os.version: '10.16', java.version: '12.0.1'
Driver info: driver.version: RemoteWebDriver
at org.openqa.selenium.remote.HttpCommandExecutor.execute(HttpCommandExecutor.java:125)
at org.openqa.selenium.remote.service.DriverCommandExecutor.execute(DriverCommandExecutor.java:83)
at org.openqa.selenium.remote.RemoteWebDriver.execute(RemoteWebDriver.java:552)
at org.openqa.selenium.remote.RemoteWebDriver.findElement(RemoteWebDriver.java:323)
at org.openqa.selenium.remote.RemoteWebDriver.findElementByXPath(RemoteWebDriver.java:428)
at org.openqa.selenium.By$ByXPath.findElement(By.java:353)
at org.openqa.selenium.remote.RemoteWebDriver.findElement(RemoteWebDriver.java:315)
at org.openqa.selenium.support.pagefactory.DefaultElementLocator.findElement(DefaultElementLocator.java:69)
at org.openqa.selenium.support.pagefactory.internal.LocatingElementHandler.invoke(LocatingElementHandler.java:38)
at com.sun.proxy.$Proxy12.isDisplayed(Unknown Source)
at com.AltenPolska.tests.testing.Test_1.test_2(Test_1.java:35)
at java.base/java.util.ArrayList.forEach(ArrayList.java:1540)
... Removed 37 stack frames]]>
    </failure>
  </testcase> <!-- test_2 -->
  <testcase classname="com.AltenPolska.tests.testing.Test_1" name="test_3" time="0.0">
    <skipped/>
  </testcase> <!-- test_3 -->
  <testcase classname="com.AltenPolska.tests.testing.Test_1" name="test_4" time="0.0">
    <skipped/>
  </testcase> <!-- test_4 -->
  <testcase classname="com.AltenPolska.tests.testing.Test_1" name="test_5" time="0.0">
    <skipped/>
  </testcase> <!-- test_5 -->
  <testcase classname="com.AltenPolska.tests.testing.Test_1" name="test_6" time="0.0">
    <skipped/>
  </testcase> <!-- test_6 -->
  <testcase classname="com.AltenPolska.tests.testing.Test_1" name="test_7" time="0.0">
    <skipped/>
  </testcase> <!-- test_7 -->
  <testcase classname="com.AltenPolska.utilities.TestBase" name="@BeforeTest setUpTest" time="0.0">
    <ignored/>
  </testcase> <!-- @BeforeTest setUpTest -->
  <testcase classname="com.AltenPolska.utilities.TestBase" name="@AfterTest tearDownTest" time="0.0">
    <ignored/>
  </testcase> <!-- @AfterTest tearDownTest -->
</testsuite> <!-- Command line test -->
